[19:44:15] [main/INFO]: Loading Minecraft 1.20.2 with Fabric Loader 0.15.11
[19:44:16] [main/INFO]: Loading 42 mods:
	- fabric-api 0.91.2+1.20.2
	   |-- fabric-api-base 0.4.33+fce67b32a0
	   |-- fabric-api-lookup-api-v1 1.6.42+b1792f7da0
	   |-- fabric-biome-api-v1 13.0.14+b1792f7da0
	   |-- fabric-block-api-v1 1.0.12+73761d2ea0
	   |-- fabric-block-view-api-v2 1.0.1+73761d2ea0
	   |-- fabric-blockrenderlayer-v1 1.1.43+f4b7e424a0
	   |-- fabric-client-tags-api-v1 1.1.4+86b12645a0
	   |-- fabric-command-api-v1 1.2.37+f71b366fa0
	   |-- fabric-command-api-v2 2.2.16+b1792f7da0
	   |-- fabric-commands-v0 0.2.54+df3654b3a0
	   |-- fabric-containers-v0 0.1.78+df3654b3a0
	   |-- fabric-content-registries-v0 5.0.5+b1792f7da0
	   |-- fabric-convention-tags-v1 1.5.8+b1792f7da0
	   |-- fabric-crash-report-info-v1 0.2.20+f4b7e424a0
	   |-- fabric-data-generation-api-v1 13.1.8+b1792f7da0
	   |-- fabric-dimensions-v1 2.1.57+b1792f7da0
	   |-- fabric-entity-events-v1 1.5.26+b1792f7da0
	   |-- fabric-events-interaction-v0 0.6.10+b1792f7da0
	   |-- fabric-events-lifecycle-v0 0.2.69+df3654b3a0
	   |-- fabric-game-rule-api-v1 1.0.42+a44e16a6a0
	   |-- fabric-item-api-v1 2.1.33+b1792f7da0
	   |-- fabric-item-group-api-v1 4.0.15+e3d2bf3fa0
	   |-- fabric-key-binding-api-v1 1.0.38+f4b7e424a0
	   |-- fabric-keybindings-v0 0.2.36+df3654b3a0
	   |-- fabric-lifecycle-events-v1 2.2.27+b1792f7da0
	   |-- fabric-loot-api-v2 2.1.1+3ba460fba0
	   |-- fabric-message-api-v1 6.0.2+e3d2bf3fa0
	   |-- fabric-mining-level-api-v1 2.1.55+f4b7e424a0
	   |-- fabric-model-loading-api-v1 1.0.6+b1792f7da0
	   |-- fabric-models-v0 0.4.5+9386d8a7a0
	   |-- fabric-networking-api-v1 3.1.2+95a8ac51a0
	   |-- fabric-object-builder-api-v1 12.1.2+2ff98d3ba0
	   |-- fabric-particles-v1 1.1.4+f4b7e424a0
	   |-- fabric-recipe-api-v1 2.0.11+52b3ebe5a0
	   |-- fabric-registry-sync-v0 4.0.9+b1792f7da0
	   |-- fabric-renderer-api-v1 3.2.1+2034447ca0
	   |-- fabric-renderer-indigo 1.5.1+2034447ca0
	   |-- fabric-renderer-registries-v1 3.2.49+df3654b3a0
	   |-- fabric-rendering-data-attachment-v1 0.3.39+73761d2ea0
	   |-- fabric-rendering-fluids-v1 3.0.30+f4b7e424a0
	   |-- fabric-rendering-v0 1.1.52+df3654b3a0
	   |-- fabric-rendering-v1 3.0.11+b1792f7da0
	   |-- fabric-resource-conditions-api-v1 2.3.11+239dafd8a0
	   |-- fabric-resource-loader-v0 0.11.12+b1792f7da0
	   |-- fabric-screen-api-v1 2.0.12+b1792f7da0
	   |-- fabric-screen-handler-api-v1 1.3.44+b1792f7da0
	   |-- fabric-sound-api-v1 1.0.14+f4b7e424a0
	   |-- fabric-transfer-api-v1 3.3.12+4944b5a5a0
	   \-- fabric-transitive-access-wideners-v1 5.0.3+fce67b32a0
	- fabricloader 0.15.11
	   \-- mixinextras 0.3.5
	- java 21
	- lithium 0.12.0
	- minecraft 1.20.2
[19:44:16] [main/INFO]: SpongePowered MIXIN Subsystem Version=0.8.5 Source=file:/workspaces/MyServerMarutsaki/servidor_minecraft/libraries/net/fabricmc/sponge-mixin/0.13.3+mixin.0.8.5/sponge-mixin-0.13.3+mixin.0.8.5.jar Service=Knot/Fabric Env=SERVER
[19:44:16] [main/INFO]: Compatibility level set to JAVA_16
[19:44:16] [main/INFO]: Compatibility level set to JAVA_17
[19:44:16] [main/INFO]: Loaded configuration file for Lithium: 125 options available, 0 override(s) found
[19:44:17] [main/INFO]: Initializing MixinExtras via com.llamalad7.mixinextras.service.MixinExtrasServiceImpl(version=0.3.5).
[19:44:29] [main/ERROR]: Failed to load properties from file: server.properties
java.nio.file.NoSuchFileException: server.properties
	at sun.nio.fs.UnixException.translateToIOException(UnixException.java:92) ~[?:?]
	at sun.nio.fs.UnixException.rethrowAsIOException(UnixException.java:106) ~[?:?]
	at sun.nio.fs.UnixException.rethrowAsIOException(UnixException.java:111) ~[?:?]
	at sun.nio.fs.UnixFileSystemProvider.newByteChannel(UnixFileSystemProvider.java:261) ~[?:?]
	at java.nio.file.Files.newByteChannel(Files.java:379) ~[?:?]
	at java.nio.file.Files.newByteChannel(Files.java:431) ~[?:?]
	at java.nio.file.spi.FileSystemProvider.newInputStream(FileSystemProvider.java:420) ~[?:?]
	at java.nio.file.Files.newInputStream(Files.java:159) ~[?:?]
	at net.minecraft.class_3808.method_16727(class_3808.java:62) ~[server-intermediary.jar:?]
	at net.minecraft.class_3806.method_16714(class_3806.java:138) ~[server-intermediary.jar:?]
	at net.minecraft.class_3807.<init>(class_3807.java:12) ~[server-intermediary.jar:?]
	at net.minecraft.server.Main.main(Main.java:112) ~[server-intermediary.jar:?]
	at net.fabricmc.loader.impl.game.minecraft.MinecraftGameProvider.launch(MinecraftGameProvider.java:470) ~[fabric-loader-0.15.11.jar:?]
	at net.fabricmc.loader.impl.launch.knot.Knot.launch(Knot.java:74) ~[fabric-loader-0.15.11.jar:?]
	at net.fabricmc.loader.impl.launch.knot.KnotServer.main(KnotServer.java:23) ~[fabric-loader-0.15.11.jar:?]
	at net.fabricmc.loader.impl.launch.server.FabricServerLauncher.main(FabricServerLauncher.java:69) ~[fabric-loader-0.15.11.jar:?]
	at net.fabricmc.installer.ServerLauncher.main(ServerLauncher.java:69) ~[fabric-server-launch.jar:1.0.1]
[19:44:29] [main/INFO]: Environment: Environment[accountsHost=https://api.mojang.com, sessionHost=https://sessionserver.mojang.com, servicesHost=https://api.minecraftservices.com, name=PROD]
[19:44:32] [main/INFO]: Loaded 7 recipes
[19:44:32] [main/INFO]: Loaded 1271 advancements
[19:44:33] [main/INFO]: Applied 0 biome modifications to 0 of 64 new biomes in 2.598 ms
[19:44:33] [Server thread/INFO]: Starting minecraft server version 1.20.2
[19:44:33] [Server thread/INFO]: Loading properties
[19:44:33] [Server thread/INFO]: Default game type: SURVIVAL
[19:44:33] [Server thread/INFO]: Generating keypair
[19:44:33] [Server thread/INFO]: Starting Minecraft server on *:25565
[19:44:33] [Server thread/INFO]: Using epoll channel type
[19:44:34] [Server thread/INFO]: Preparing level "world"
[19:44:48] [Server thread/INFO]: Preparing start region for dimension minecraft:overworld
[19:44:50] [Worker-Main-1/INFO]: Preparing spawn area: 0%
[19:44:50] [Worker-Main-1/INFO]: Preparing spawn area: 0%
[19:44:50] [Worker-Main-1/INFO]: Preparing spawn area: 0%
[19:44:50] [Worker-Main-1/INFO]: Preparing spawn area: 0%
[19:44:50] [Worker-Main-1/INFO]: Preparing spawn area: 0%
[19:44:51] [Worker-Main-1/INFO]: Preparing spawn area: 0%
[19:44:51] [Worker-Main-1/INFO]: Preparing spawn area: 0%
[19:44:52] [Worker-Main-1/INFO]: Preparing spawn area: 0%
[19:44:52] [Worker-Main-1/INFO]: Preparing spawn area: 0%
[19:44:53] [Worker-Main-1/INFO]: Preparing spawn area: 0%
[19:44:53] [Worker-Main-1/INFO]: Preparing spawn area: 0%
[19:44:54] [Worker-Main-1/INFO]: Preparing spawn area: 0%
[19:44:54] [Worker-Main-1/INFO]: Preparing spawn area: 0%
[19:44:55] [Worker-Main-1/INFO]: Preparing spawn area: 0%
[19:44:55] [Worker-Main-1/INFO]: Preparing spawn area: 0%
[19:44:56] [Worker-Main-1/INFO]: Preparing spawn area: 0%
[19:44:56] [Worker-Main-1/INFO]: Preparing spawn area: 0%
[19:44:57] [Worker-Main-1/INFO]: Preparing spawn area: 0%
[19:44:57] [Worker-Main-1/INFO]: Preparing spawn area: 0%
[19:44:58] [Worker-Main-1/INFO]: Preparing spawn area: 0%
[19:44:58] [Worker-Main-1/INFO]: Preparing spawn area: 0%
[19:44:59] [Worker-Main-1/INFO]: Preparing spawn area: 0%
[19:44:59] [Worker-Main-1/INFO]: Preparing spawn area: 0%
[19:45:00] [Worker-Main-1/INFO]: Preparing spawn area: 0%
[19:45:00] [Worker-Main-1/INFO]: Preparing spawn area: 0%
[19:45:01] [Worker-Main-1/INFO]: Preparing spawn area: 0%
[19:45:01] [Worker-Main-1/INFO]: Preparing spawn area: 0%
[19:45:02] [Worker-Main-1/INFO]: Preparing spawn area: 0%
[19:45:02] [Worker-Main-1/INFO]: Preparing spawn area: 0%
[19:45:03] [Worker-Main-1/INFO]: Preparing spawn area: 0%
[19:45:03] [Worker-Main-1/INFO]: Preparing spawn area: 0%
[19:45:04] [Worker-Main-1/INFO]: Preparing spawn area: 0%
[19:45:04] [Worker-Main-1/INFO]: Preparing spawn area: 0%
[19:45:05] [Worker-Main-1/INFO]: Preparing spawn area: 0%
[19:45:05] [Worker-Main-1/INFO]: Preparing spawn area: 0%
[19:45:06] [Worker-Main-1/INFO]: Preparing spawn area: 0%
[19:45:06] [Worker-Main-1/INFO]: Preparing spawn area: 0%
[19:45:07] [Worker-Main-1/INFO]: Preparing spawn area: 0%
[19:45:07] [Worker-Main-1/INFO]: Preparing spawn area: 0%
[19:45:08] [Worker-Main-1/INFO]: Preparing spawn area: 0%
[19:45:08] [Worker-Main-1/INFO]: Preparing spawn area: 0%
[19:45:09] [Worker-Main-1/INFO]: Preparing spawn area: 0%
[19:45:09] [Worker-Main-1/INFO]: Preparing spawn area: 0%
[19:45:10] [Worker-Main-1/INFO]: Preparing spawn area: 0%
[19:45:10] [Worker-Main-1/INFO]: Preparing spawn area: 0%
[19:45:11] [Worker-Main-1/INFO]: Preparing spawn area: 0%
[19:45:11] [Worker-Main-1/INFO]: Preparing spawn area: 0%
[19:45:12] [Worker-Main-1/INFO]: Preparing spawn area: 0%
[19:45:12] [Worker-Main-1/INFO]: Preparing spawn area: 0%
[19:45:13] [Worker-Main-1/INFO]: Preparing spawn area: 0%
[19:45:13] [Worker-Main-1/INFO]: Preparing spawn area: 0%
[19:45:14] [Worker-Main-1/INFO]: Preparing spawn area: 0%
[19:45:14] [Worker-Main-1/INFO]: Preparing spawn area: 0%
[19:45:15] [Worker-Main-1/INFO]: Preparing spawn area: 0%
[19:45:15] [Worker-Main-1/INFO]: Preparing spawn area: 0%
[19:45:16] [Worker-Main-1/INFO]: Preparing spawn area: 0%
[19:45:16] [Worker-Main-1/INFO]: Preparing spawn area: 0%
[19:45:17] [Worker-Main-1/INFO]: Preparing spawn area: 0%
[19:45:17] [Worker-Main-1/INFO]: Preparing spawn area: 0%
[19:45:18] [Worker-Main-1/INFO]: Preparing spawn area: 0%
[19:45:18] [Worker-Main-1/INFO]: Preparing spawn area: 0%
[19:45:19] [Worker-Main-1/INFO]: Preparing spawn area: 0%
[19:45:19] [Worker-Main-1/INFO]: Preparing spawn area: 0%
[19:45:20] [Worker-Main-1/INFO]: Preparing spawn area: 0%
[19:45:20] [Worker-Main-1/INFO]: Preparing spawn area: 0%
[19:45:21] [Worker-Main-1/INFO]: Preparing spawn area: 0%
[19:45:21] [Worker-Main-1/INFO]: Preparing spawn area: 0%
[19:45:22] [Worker-Main-1/INFO]: Preparing spawn area: 0%
[19:45:22] [Worker-Main-1/INFO]: Preparing spawn area: 0%
[19:45:23] [Worker-Main-1/INFO]: Preparing spawn area: 0%
[19:45:23] [Worker-Main-1/INFO]: Preparing spawn area: 0%
[19:45:24] [Worker-Main-1/INFO]: Preparing spawn area: 0%
[19:45:24] [Worker-Main-1/INFO]: Preparing spawn area: 0%
[19:45:25] [Worker-Main-1/INFO]: Preparing spawn area: 0%
[19:45:25] [Worker-Main-1/INFO]: Preparing spawn area: 0%
[19:45:26] [Worker-Main-1/INFO]: Preparing spawn area: 0%
[19:45:26] [Worker-Main-1/INFO]: Preparing spawn area: 0%
[19:45:27] [Worker-Main-1/INFO]: Preparing spawn area: 0%
[19:45:27] [Worker-Main-1/INFO]: Preparing spawn area: 0%
[19:45:28] [Worker-Main-1/INFO]: Preparing spawn area: 0%
[19:45:28] [Worker-Main-1/INFO]: Preparing spawn area: 0%
[19:45:29] [Worker-Main-1/INFO]: Preparing spawn area: 0%
[19:45:29] [Worker-Main-1/INFO]: Preparing spawn area: 0%
[19:45:30] [Worker-Main-1/INFO]: Preparing spawn area: 0%
[19:45:30] [Worker-Main-1/INFO]: Preparing spawn area: 0%
[19:45:31] [Worker-Main-1/INFO]: Preparing spawn area: 0%
[19:45:31] [Worker-Main-1/INFO]: Preparing spawn area: 0%
[19:45:32] [Worker-Main-1/INFO]: Preparing spawn area: 0%
[19:45:32] [Worker-Main-1/INFO]: Preparing spawn area: 0%
[19:45:33] [Worker-Main-1/INFO]: Preparing spawn area: 0%
[19:45:33] [Worker-Main-1/INFO]: Preparing spawn area: 0%
[19:45:34] [Worker-Main-1/INFO]: Preparing spawn area: 0%
[19:45:34] [Worker-Main-1/INFO]: Preparing spawn area: 0%
[19:45:35] [Worker-Main-1/INFO]: Preparing spawn area: 0%
[19:45:35] [Worker-Main-1/INFO]: Preparing spawn area: 0%
[19:45:36] [Worker-Main-1/INFO]: Preparing spawn area: 0%
[19:45:37] [Worker-Main-1/INFO]: Preparing spawn area: 17%
[19:45:37] [Worker-Main-1/INFO]: Preparing spawn area: 17%
[19:45:37] [Worker-Main-1/INFO]: Preparing spawn area: 86%
[19:45:39] [Server thread/INFO]: Time elapsed: 50783 ms
[19:45:39] [Server thread/INFO]: Done (65.322s)! For help, type "help"
[19:47:20] [User Authenticator #1/INFO]: UUID of player Marutsaki is 873ac317-aad4-4c19-a65c-7a04af0b5668
[19:47:21] [Server thread/INFO]: Marutsaki[/127.78.159.208:56409] logged in with entity id 260 at (-52.5, 67.0, 122.5)
[19:47:21] [Server thread/INFO]: Marutsaki joined the game
[19:52:22] [User Authenticator #2/INFO]: UUID of player Marutsaki is 873ac317-aad4-4c19-a65c-7a04af0b5668
[19:52:22] [Server thread/INFO]: Marutsaki lost connection: You logged in from another location
[19:52:22] [Server thread/INFO]: Marutsaki left the game
[19:52:22] [Server thread/WARN]: handleDisconnection() called twice
[19:52:22] [Server thread/INFO]: Marutsaki[/127.78.159.208:33857] logged in with entity id 1583 at (202.28083988999035, 68.0, 134.28720686014302)
[19:52:22] [Server thread/INFO]: Marutsaki joined the game
[19:57:02] [Server thread/INFO]: Marutsaki has made the advancement [Monster Hunter]
[19:57:17] [Server thread/INFO]: Marutsaki lost connection: Disconnected
[19:57:17] [Server thread/INFO]: Marutsaki left the game
[19:57:27] [Server thread/INFO]: Stopping the server
[19:57:27] [Server thread/INFO]: Stopping server
[19:57:27] [Server thread/INFO]: Saving players
[19:57:27] [Server thread/INFO]: Saving worlds
[19:57:27] [Server thread/INFO]: Saving chunks for level 'ServerLevel[world]'/minecraft:overworld
[19:57:48] [Server thread/INFO]: Saving chunks for level 'ServerLevel[world]'/minecraft:the_nether
[19:57:48] [Server thread/INFO]: Saving chunks for level 'ServerLevel[world]'/minecraft:the_end
[19:57:48] [Server thread/INFO]: ThreadedAnvilChunkStorage (world): All chunks are saved
[19:57:48] [Server thread/INFO]: ThreadedAnvilChunkStorage (DIM-1): All chunks are saved
[19:57:48] [Server thread/INFO]: ThreadedAnvilChunkStorage (DIM1): All chunks are saved
[19:57:48] [Server thread/INFO]: ThreadedAnvilChunkStorage: All dimensions are saved
